<Event xmlns='http://schemas.microsoft.com/win/2004/08/events/event'><System><Provider Name='Microsoft-Windows-Sysmon' Guid='{5770385F-C22A-43E0-BF4C-06F5698FFBD9}'/><EventID>1</EventID><Version>2</Version><Level>4</Level><Task>1</Task><Opcode>0</Opcode><Keywords>0x8000000000000000</Keywords><TimeCreated SystemTime='2014-09-01T17:44:16.745258300Z'/><EventRecordID>159375</EventRecordID><Correlation/><Execution ProcessID='2492' ThreadID='1528'/><Channel>Microsoft-Windows-Sysmon/Operational</Channel><Computer>CLOYO-NBK.directvla.com.ar</Computer><Security UserID='S-1-5-18'/></System><EventData><Data Name='UtcTime'>01/09/2014 05:44 p.m.</Data><Data Name='ProcessGuid'>{00000000-B070-5404-0000-0010F33F5D00}</Data><Data Name='ProcessId'>6660</Data><Data Name='Image'>C:\Windows\system32\SearchFilterHost.exe</Data><Data Name='CommandLine'>"C:\Windows\system32\SearchFilterHost.exe" 0 512 516 524 65536 520 </Data><Data Name='User'>NT AUTHORITY\SYSTEM</Data><Data Name='LogonId'>0x3e7</Data><Data Name='TerminalSessionId'>0</Data><Data Name='IntegrityLevel'>Medium</Data><Data Name='HashType'>MD5</Data><Data Name='Hash'>52D56D1013D4F1B99102679314CC5325</Data><Data Name='ParentProcessGuid'>{00000000-8B6B-5404-0000-0010BF980500}</Data><Data Name='ParentProcessId'>4648</Data><Data Name='ParentImage'>C:\Windows\system32\SearchIndexer.exe</Data><Data Name='ParentCommandLine'>C:\Windows\system32\SearchIndexer.exe /Embedding</Data></EventData></Event>
<Event xmlns='http://schemas.microsoft.com/win/2004/08/events/event'><System><Provider Name='Microsoft-Windows-Sysmon' Guid='{5770385F-C22A-43E0-BF4C-06F5698FFBD9}'/><EventID>1</EventID><Version>2</Version><Level>4</Level><Task>1</Task><Opcode>0</Opcode><Keywords>0x8000000000000000</Keywords><TimeCreated SystemTime='2014-09-01T17:44:30.862258300Z'/><EventRecordID>159376</EventRecordID><Correlation/><Execution ProcessID='2492' ThreadID='1528'/><Channel>Microsoft-Windows-Sysmon/Operational</Channel><Computer>CLOYO-NBK.directvla.com.ar</Computer><Security UserID='S-1-5-18'/></System><EventData><Data Name='UtcTime'>01/09/2014 05:44 p.m.</Data><Data Name='ProcessGuid'>{00000000-B07E-5404-0000-0010D7825D00}</Data><Data Name='ProcessId'>5608</Data><Data Name='Image'>C:\Windows\system32\ipconfig.exe</Data><Data Name='CommandLine'>ipconfig  /all </Data><Data Name='User'>GALAXY\CLOYO</Data><Data Name='LogonId'>0x44cb6</Data><Data Name='TerminalSessionId'>1</Data><Data Name='IntegrityLevel'>High</Data><Data Name='HashType'>MD5</Data><Data Name='Hash'>CF45949CDBB39C953331CDCB9CEC20F8</Data><Data Name='ParentProcessGuid'>{00000000-94B4-5404-0000-001009FE1F00}</Data><Data Name='ParentProcessId'>4804</Data><Data Name='ParentImage'>C:\Windows\system32\cmd.exe</Data><Data Name='ParentCommandLine'>"C:\Windows\system32\cmd.exe" </Data></EventData></Event>
<Event xmlns='http://schemas.microsoft.com/win/2004/08/events/event'><System><Provider Name='Microsoft-Windows-Sysmon' Guid='{5770385F-C22A-43E0-BF4C-06F5698FFBD9}'/><EventID>1</EventID><Version>2</Version><Level>4</Level><Task>1</Task><Opcode>0</Opcode><Keywords>0x8000000000000000</Keywords><TimeCreated SystemTime='2014-09-01T17:44:30.897258300Z'/><EventRecordID>159377</EventRecordID><Correlation/><Execution ProcessID='2492' ThreadID='1528'/><Channel>Microsoft-Windows-Sysmon/Operational</Channel><Computer>CLOYO-NBK.directvla.com.ar</Computer><Security UserID='S-1-5-18'/></System><EventData><Data Name='UtcTime'>01/09/2014 05:44 p.m.</Data><Data Name='ProcessGuid'>{00000000-B07E-5404-0000-001096855D00}</Data><Data Name='ProcessId'>4172</Data><Data Name='Image'>C:\Windows\system32\findstr.exe</Data><Data Name='CommandLine'>findstr  DNS</Data><Data Name='User'>GALAXY\CLOYO</Data><Data Name='LogonId'>0x44cb6</Data><Data Name='TerminalSessionId'>1</Data><Data Name='IntegrityLevel'>High</Data><Data Name='HashType'>MD5</Data><Data Name='Hash'>BF1D9C361565020659B9715882ADAD89</Data><Data Name='ParentProcessGuid'>{00000000-94B4-5404-0000-001009FE1F00}</Data><Data Name='ParentProcessId'>4804</Data><Data Name='ParentImage'>C:\Windows\system32\cmd.exe</Data><Data Name='ParentCommandLine'>"C:\Windows\system32\cmd.exe" </Data></EventData></Event>
<Event xmlns='http://schemas.microsoft.com/win/2004/08/events/event'><System><Provider Name='Microsoft-Windows-Sysmon' Guid='{5770385F-C22A-43E0-BF4C-06F5698FFBD9}'/><EventID>2</EventID><Version>2</Version><Level>4</Level><Task>1</Task><Opcode>0</Opcode><Keywords>0x8000000000000000</Keywords><TimeCreated SystemTime='2014-09-01T17:45:49.012258300Z'/><EventRecordID>159378</EventRecordID><Correlation/><Execution ProcessID='2492' ThreadID='1528'/><Channel>Microsoft-Windows-Sysmon/Operational</Channel><Computer>CLOYO-NBK.directvla.com.ar</Computer><Security UserID='S-1-5-18'/></System><EventData><Data Name='UtcTime'>01/09/2014 05:45 p.m.</Data><Data Name='ProcessGuid'>{00000000-8BFF-5404-0000-00109E290C00}</Data><Data Name='ProcessId'>5276</Data><Data Name='Image'>C:\Program Files (x86)\Mozilla Firefox\firefox.exe</Data><Data Name='TargetFilename'>C:\Users\cloyo\AppData\Roaming\Microsoft\Windows\Recent\CustomDestinations\5Z0YU1Y8B0NC3DDU2ZXW.temp</Data><Data Name='CreationUtcTime'>04/08/2014 08:36 p.m.</Data><Data Name='PreviousCreationUtcTime'>01/09/2014 05:45 p.m.</Data></EventData></Event>
<Event xmlns='http://schemas.microsoft.com/win/2004/08/events/event'><System><Provider Name='Microsoft-Windows-Sysmon' Guid='{5770385F-C22A-43E0-BF4C-06F5698FFBD9}'/><EventID>1</EventID><Version>2</Version><Level>4</Level><Task>1</Task><Opcode>0</Opcode><Keywords>0x8000000000000000</Keywords><TimeCreated SystemTime='2014-09-01T17:46:41.930258300Z'/><EventRecordID>159379</EventRecordID><Correlation/><Execution ProcessID='2492' ThreadID='1528'/><Channel>Microsoft-Windows-Sysmon/Operational</Channel><Computer>CLOYO-NBK.directvla.com.ar</Computer><Security UserID='S-1-5-18'/></System><EventData><Data Name='UtcTime'>01/09/2014 05:46 p.m.</Data><Data Name='ProcessGuid'>{00000000-B101-5404-0000-00102AE45D00}</Data><Data Name='ProcessId'>6132</Data><Data Name='Image'>C:\Windows\sysWow64\SearchProtocolHost.exe</Data><Data Name='CommandLine'>"C:\Windows\sysWow64\SearchProtocolHost.exe" Global\UsGthrFltPipeMssGthrPipe_S-1-5-21-236585161-2076777198-623648099-5172739_ Global\UsGthrCtrlFltPipeMssGthrPipe_S-1-5-21-236585161-2076777198-623648099-5172739 1 -2147483646 "Software\Microsoft\Windows Search" "Mozilla/4.0 (compatible; MSIE 6.0; Windows NT; MS Search 4.0 Robot)" "C:\ProgramData\Microsoft\Search\Data\Temp\usgthrsvc" "DownLevelDaemon"  "1"</Data><Data Name='User'>GALAXY\CLOYO</Data><Data Name='LogonId'>0x44cb6</Data><Data Name='TerminalSessionId'>1</Data><Data Name='IntegrityLevel'>High</Data><Data Name='HashType'>MD5</Data><Data Name='Hash'>89ED7C028A487340B7D93D5A38FDCB54</Data><Data Name='ParentProcessGuid'>{00000000-8B6B-5404-0000-0010BF980500}</Data><Data Name='ParentProcessId'>4648</Data><Data Name='ParentImage'>C:\Windows\system32\SearchIndexer.exe</Data><Data Name='ParentCommandLine'>C:\Windows\system32\SearchIndexer.exe /Embedding</Data></EventData></Event>
<Event xmlns='http://schemas.microsoft.com/win/2004/08/events/event'><System><Provider Name='Microsoft-Windows-Sysmon' Guid='{5770385F-C22A-43E0-BF4C-06F5698FFBD9}'/><EventID>1</EventID><Version>2</Version><Level>4</Level><Task>1</Task><Opcode>0</Opcode><Keywords>0x8000000000000000</Keywords><TimeCreated SystemTime='2014-09-01T17:46:41.980258300Z'/><EventRecordID>159380</EventRecordID><Correlation/><Execution ProcessID='2492' ThreadID='1528'/><Channel>Microsoft-Windows-Sysmon/Operational</Channel><Computer>CLOYO-NBK.directvla.com.ar</Computer><Security UserID='S-1-5-18'/></System><EventData><Data Name='UtcTime'>01/09/2014 05:46 p.m.</Data><Data Name='ProcessGuid'>{00000000-B101-5404-0000-001079E95D00}</Data><Data Name='ProcessId'>6952</Data><Data Name='Image'>C:\Windows\system32\SearchFilterHost.exe</Data><Data Name='CommandLine'>"C:\Windows\system32\SearchFilterHost.exe" 0 512 516 524 65536 520 </Data><Data Name='User'>NT AUTHORITY\SYSTEM</Data><Data Name='LogonId'>0x3e7</Data><Data Name='TerminalSessionId'>0</Data><Data Name='IntegrityLevel'>Medium</Data><Data Name='HashType'>MD5</Data><Data Name='Hash'>52D56D1013D4F1B99102679314CC5325</Data><Data Name='ParentProcessGuid'>{00000000-8B6B-5404-0000-0010BF980500}</Data><Data Name='ParentProcessId'>4648</Data><Data Name='ParentImage'>C:\Windows\system32\SearchIndexer.exe</Data><Data Name='ParentCommandLine'>C:\Windows\system32\SearchIndexer.exe /Embedding</Data></EventData></Event>
